<?xml version="1.0" encoding="UTF-8"?>
<testsuite name="efub.session.blog.account.service.AccountServiceTest" tests="3" skipped="0" failures="0" errors="0" timestamp="2023-04-07T03:54:46" hostname="DESKTOP-65EDMBN" time="0.861">
  <properties/>
  <testcase name="withdraw account" classname="efub.session.blog.account.service.AccountServiceTest" time="0.706"/>
  <testcase name="create account" classname="efub.session.blog.account.service.AccountServiceTest" time="0.115"/>
  <testcase name="update account" classname="efub.session.blog.account.service.AccountServiceTest" time="0.034"/>
  <system-out><![CDATA[12:54:32.325 [Test worker] DEBUG org.springframework.boot.test.context.SpringBootTestContextBootstrapper -- Neither @ContextConfiguration nor @ContextHierarchy found for test class [AccountServiceTest]: using SpringBootContextLoader
12:54:32.387 [Test worker] DEBUG org.springframework.test.context.support.AbstractContextLoader -- Could not detect default resource locations for test class [efub.session.blog.account.service.AccountServiceTest]: no resource found for suffixes {-context.xml, Context.groovy}.
12:54:32.389 [Test worker] INFO org.springframework.test.context.support.AnnotationConfigContextLoaderUtils -- Could not detect default configuration classes for test class [efub.session.blog.account.service.AccountServiceTest]: AccountServiceTest does not declare any static, non-private, non-final, nested classes annotated with @Configuration.
12:54:32.535 [Test worker] DEBUG org.springframework.boot.test.context.SpringBootTestContextBootstrapper -- Using ContextCustomizers for test class [AccountServiceTest]: [DisableObservabilityContextCustomizer, PropertyMappingContextCustomizer, Customizer, ExcludeFilterContextCustomizer, DuplicateJsonObjectContextCustomizer, MockitoContextCustomizer, TestRestTemplateContextCustomizer]
12:54:32.847 [Test worker] DEBUG org.springframework.context.annotation.ClassPathScanningCandidateComponentProvider -- Identified candidate component class: file [C:\Users\chaec\IdeaProjects\blog\build\classes\java\main\efub\session\blog\BlogApplication.class]
12:54:32.856 [Test worker] INFO org.springframework.boot.test.context.SpringBootTestContextBootstrapper -- Found @SpringBootConfiguration efub.session.blog.BlogApplication for test class efub.session.blog.account.service.AccountServiceTest
12:54:33.213 [Test worker] DEBUG org.springframework.boot.test.context.SpringBootTestContextBootstrapper -- Using TestExecutionListeners for test class [AccountServiceTest]: [ServletTestExecutionListener, DirtiesContextBeforeModesTestExecutionListener, ApplicationEventsTestExecutionListener, MockitoTestExecutionListener, DependencyInjectionTestExecutionListener, DirtiesContextTestExecutionListener, TransactionalTestExecutionListener, SqlScriptsTestExecutionListener, EventPublishingTestExecutionListener, RestDocsTestExecutionListener, MockRestServiceServerResetTestExecutionListener, MockMvcPrintOnlyOnFailureTestExecutionListener, WebDriverTestExecutionListener, MockWebServiceServerTestExecutionListener, ResetMocksTestExecutionListener]
12:54:33.216 [Test worker] DEBUG org.springframework.test.context.support.AbstractDirtiesContextTestExecutionListener -- Before test class: class [AccountServiceTest], class annotated with @DirtiesContext [false] with mode [null]

  .   ____          _            __ _ _
 /\\ / ___'_ __ _ _(_)_ __  __ _ \ \ \ \
( ( )\___ | '_ | '_| | '_ \/ _` | \ \ \ \
 \\/  ___)| |_)| | | | | || (_| |  ) ) ) )
  '  |____| .__|_| |_|_| |_\__, | / / / /
 =========|_|==============|___/=/_/_/_/
 :: Spring Boot ::                (v3.0.5)

2023-04-07T12:54:35.669+09:00  INFO 31668 --- [    Test worker] e.s.b.a.service.AccountServiceTest       : Starting AccountServiceTest using Java 18.0.2.1 with PID 31668 (started by chaec in C:\Users\chaec\IdeaProjects\blog)
2023-04-07T12:54:35.672+09:00  INFO 31668 --- [    Test worker] e.s.b.a.service.AccountServiceTest       : No active profile set, falling back to 1 default profile: "default"
2023-04-07T12:54:37.351+09:00  INFO 31668 --- [    Test worker] .s.d.r.c.RepositoryConfigurationDelegate : Bootstrapping Spring Data JPA repositories in DEFAULT mode.
2023-04-07T12:54:37.571+09:00  INFO 31668 --- [    Test worker] .s.d.r.c.RepositoryConfigurationDelegate : Finished Spring Data repository scanning in 199 ms. Found 1 JPA repository interfaces.
2023-04-07T12:54:38.798+09:00  INFO 31668 --- [    Test worker] o.hibernate.jpa.internal.util.LogHelper  : HHH000204: Processing PersistenceUnitInfo [name: default]
2023-04-07T12:54:39.035+09:00  INFO 31668 --- [    Test worker] org.hibernate.Version                    : HHH000412: Hibernate ORM core version 6.1.7.Final
2023-04-07T12:54:40.570+09:00  INFO 31668 --- [    Test worker] com.zaxxer.hikari.HikariDataSource       : HikariPool-1 - Starting...
2023-04-07T12:54:41.490+09:00  INFO 31668 --- [    Test worker] com.zaxxer.hikari.pool.HikariPool        : HikariPool-1 - Added connection com.mysql.cj.jdbc.ConnectionImpl@3eb9c575
2023-04-07T12:54:41.495+09:00  INFO 31668 --- [    Test worker] com.zaxxer.hikari.HikariDataSource       : HikariPool-1 - Start completed.
2023-04-07T12:54:41.724+09:00  INFO 31668 --- [    Test worker] SQL dialect                              : HHH000400: Using dialect: org.hibernate.dialect.MySQLDialect
2023-04-07T12:54:44.308+09:00  INFO 31668 --- [    Test worker] o.h.e.t.j.p.i.JtaPlatformInitiator       : HHH000490: Using JtaPlatform implementation: [org.hibernate.engine.transaction.jta.platform.internal.NoJtaPlatform]
2023-04-07T12:54:44.375+09:00  INFO 31668 --- [    Test worker] j.LocalContainerEntityManagerFactoryBean : Initialized JPA EntityManagerFactory for persistence unit 'default'
2023-04-07T12:54:45.407+09:00  WARN 31668 --- [    Test worker] JpaBaseConfiguration$JpaWebConfiguration : spring.jpa.open-in-view is enabled by default. Therefore, database queries may be performed during view rendering. Explicitly configure spring.jpa.open-in-view to disable this warning
2023-04-07T12:54:46.322+09:00  INFO 31668 --- [    Test worker] e.s.b.a.service.AccountServiceTest       : Started AccountServiceTest in 11.694 seconds (process running for 17.878)
Hibernate: select a1_0.account_id,a1_0.bio,a1_0.created_date,a1_0.email,a1_0.encoded_password,a1_0.modified_date,a1_0.nickname,a1_0.status from account a1_0
Hibernate: insert into account (bio, created_date, email, encoded_password, nickname, status) values (?, ?, ?, ?, ?, ?)
Hibernate: select a1_0.account_id,a1_0.bio,a1_0.created_date,a1_0.email,a1_0.encoded_password,a1_0.modified_date,a1_0.nickname,a1_0.status from account a1_0
Hibernate: select a1_0.account_id from account a1_0 where a1_0.email=? limit ?
Hibernate: insert into account (bio, created_date, email, encoded_password, nickname, status) values (?, ?, ?, ?, ?, ?)
Hibernate: select a1_0.account_id,a1_0.bio,a1_0.created_date,a1_0.email,a1_0.encoded_password,a1_0.modified_date,a1_0.nickname,a1_0.status from account a1_0
Hibernate: insert into account (bio, created_date, email, encoded_password, nickname, status) values (?, ?, ?, ?, ?, ?)
]]></system-out>
  <system-err><![CDATA[]]></system-err>
</testsuite>
